<?xml version="1.0" encoding="UTF-8"?>
<!-- Generated by org.testng.reporters.JUnitXMLReporter -->
<testsuite ignored="0" hostname="LTIN509268" failures="0" tests="2" name="Test in Chrome Browser" time="244.869" errors="0" timestamp="2024-04-17T15:36:30 IST">
  <testcase classname="io.cucumber.testng.AbstractTestNGCucumberTests" name="runScenario" time="62.196"/>
  <testcase classname="io.cucumber.testng.AbstractTestNGCucumberTests" name="runScenario" time="181.816"/>
</testsuite> <!-- Test in Chrome Browser -->
