<?xml version="1.0" encoding="UTF-8"?>
<testng-results ignored="0" total="2" passed="2" failed="0" skipped="0">
  <reporter-output>
  </reporter-output>
  <suite started-at="2024-04-19T15:55:56 IST" name="Default suite" finished-at="2024-04-19T15:59:39 IST" duration-ms="222556">
    <groups>
      <group name="cucumber">
        <method signature="AbstractTestNGCucumberTests.runScenario(io.cucumber.testng.PickleWrapper,io.cucumber.testng.FeatureWrapper)[pri:0, instance:testRunnerTownScript.TestRunnerTownScript@28701274]" name="runScenario" class="io.cucumber.testng.AbstractTestNGCucumberTests"/>
      </group> <!-- cucumber -->
    </groups>
    <test started-at="2024-04-19T15:55:56 IST" name="Default test" finished-at="2024-04-19T15:59:39 IST" duration-ms="222556">
      <class name="testRunnerTownScript.TestRunnerTownScript">
        <test-method is-config="true" signature="setUpClass(org.testng.ITestContext)[pri:0, instance:testRunnerTownScript.TestRunnerTownScript@28701274]" started-at="2024-04-19T15:55:56 IST" name="setUpClass" finished-at="2024-04-19T15:55:57 IST" duration-ms="836" status="PASS">
          <params>
            <param index="0">
              <value>
                <![CDATA[org.testng.TestRunner@1237cade]]>
              </value>
            </param>
          </params>
          <reporter-output>
          </reporter-output>
        </test-method> <!-- setUpClass -->
        <test-method signature="runScenario(io.cucumber.testng.PickleWrapper,io.cucumber.testng.FeatureWrapper)[pri:0, instance:testRunnerTownScript.TestRunnerTownScript@28701274]" started-at="2024-04-19T15:55:57 IST" name="runScenario" description="Runs Cucumber Scenarios" data-provider="scenarios" finished-at="2024-04-19T15:56:28 IST" duration-ms="30506" status="PASS">
          <params>
            <param index="0">
              <value>
                <![CDATA["validating signup using invalid credentials"]]>
              </value>
            </param>
            <param index="1">
              <value>
                <![CDATA["Google Invalid Login"]]>
              </value>
            </param>
          </params>
          <reporter-output>
          </reporter-output>
        </test-method> <!-- runScenario -->
        <test-method signature="runScenario(io.cucumber.testng.PickleWrapper,io.cucumber.testng.FeatureWrapper)[pri:0, instance:testRunnerTownScript.TestRunnerTownScript@28701274]" started-at="2024-04-19T15:56:28 IST" name="runScenario" description="Runs Cucumber Scenarios" data-provider="scenarios" finished-at="2024-04-19T15:59:38 IST" duration-ms="190657" status="PASS">
          <params>
            <param index="0">
              <value>
                <![CDATA["Retrieving event deatils"]]>
              </value>
            </param>
            <param index="1">
              <value>
                <![CDATA["Return Event Details"]]>
              </value>
            </param>
          </params>
          <reporter-output>
          </reporter-output>
        </test-method> <!-- runScenario -->
        <test-method is-config="true" signature="tearDownClass()[pri:0, instance:testRunnerTownScript.TestRunnerTownScript@28701274]" started-at="2024-04-19T15:59:38 IST" name="tearDownClass" finished-at="2024-04-19T15:59:39 IST" duration-ms="496" status="PASS">
          <reporter-output>
          </reporter-output>
        </test-method> <!-- tearDownClass -->
      </class> <!-- testRunnerTownScript.TestRunnerTownScript -->
    </test> <!-- Default test -->
  </suite> <!-- Default suite -->
</testng-results>
