<?xml version="1.0" encoding="UTF-8"?>
<testng-results ignored="0" total="2" passed="2" failed="0" skipped="0">
  <reporter-output>
  </reporter-output>
  <suite started-at="2024-04-17T15:32:25 IST" name="Suite" finished-at="2024-04-17T15:36:30 IST" duration-ms="244869">
    <groups>
      <group name="cucumber">
        <method signature="AbstractTestNGCucumberTests.runScenario(io.cucumber.testng.PickleWrapper,io.cucumber.testng.FeatureWrapper)[pri:0, instance:testRunnerTownScript.TestRunnerTownScript@333291e3]" name="runScenario" class="io.cucumber.testng.AbstractTestNGCucumberTests"/>
      </group> <!-- cucumber -->
    </groups>
    <test started-at="2024-04-17T15:32:25 IST" name="Test in Chrome Browser" finished-at="2024-04-17T15:36:30 IST" duration-ms="244869">
      <class name="testRunnerTownScript.TestRunnerTownScript">
        <test-method is-config="true" signature="setUpClass(org.testng.ITestContext)[pri:0, instance:testRunnerTownScript.TestRunnerTownScript@333291e3]" started-at="2024-04-17T15:32:25 IST" name="setUpClass" finished-at="2024-04-17T15:32:26 IST" duration-ms="779" status="PASS">
          <params>
            <param index="0">
              <value>
                <![CDATA[org.testng.TestRunner@6c951ada]]>
              </value>
            </param>
          </params>
          <reporter-output>
          </reporter-output>
        </test-method> <!-- setUpClass -->
        <test-method signature="runScenario(io.cucumber.testng.PickleWrapper,io.cucumber.testng.FeatureWrapper)[pri:0, instance:testRunnerTownScript.TestRunnerTownScript@333291e3]" started-at="2024-04-17T15:32:26 IST" name="runScenario" description="Runs Cucumber Scenarios" data-provider="scenarios" finished-at="2024-04-17T15:33:28 IST" duration-ms="62196" status="PASS">
          <params>
            <param index="0">
              <value>
                <![CDATA["validating signup using invalid credentials"]]>
              </value>
            </param>
            <param index="1">
              <value>
                <![CDATA["Google Invalid Login"]]>
              </value>
            </param>
          </params>
          <reporter-output>
          </reporter-output>
        </test-method> <!-- runScenario -->
        <test-method signature="runScenario(io.cucumber.testng.PickleWrapper,io.cucumber.testng.FeatureWrapper)[pri:0, instance:testRunnerTownScript.TestRunnerTownScript@333291e3]" started-at="2024-04-17T15:33:28 IST" name="runScenario" description="Runs Cucumber Scenarios" data-provider="scenarios" finished-at="2024-04-17T15:36:30 IST" duration-ms="181816" status="PASS">
          <params>
            <param index="0">
              <value>
                <![CDATA["Retrieving event deatils"]]>
              </value>
            </param>
            <param index="1">
              <value>
                <![CDATA["Return Event Details"]]>
              </value>
            </param>
          </params>
          <reporter-output>
          </reporter-output>
        </test-method> <!-- runScenario -->
        <test-method is-config="true" signature="tearDownClass()[pri:0, instance:testRunnerTownScript.TestRunnerTownScript@333291e3]" started-at="2024-04-17T15:36:30 IST" name="tearDownClass" finished-at="2024-04-17T15:36:30 IST" duration-ms="42" status="PASS">
          <reporter-output>
          </reporter-output>
        </test-method> <!-- tearDownClass -->
      </class> <!-- testRunnerTownScript.TestRunnerTownScript -->
    </test> <!-- Test in Chrome Browser -->
  </suite> <!-- Suite -->
</testng-results>
